2018-05-12 13:57:50,707 DEBUG No configuration found at `/home/heider/Github/Neodroid/neo/.pyre_configuration.local`.
2018-05-12 13:57:50,707 DEBUG No configuration found at `.pyre_configuration.local`.
2018-05-12 13:57:50,707 DEBUG No configuration found at `.pyre_configuration`.
2018-05-12 13:57:50,707 INFO No source directory specified, using current directory
2018-05-12 13:57:50,707 INFO No binary specified, looking for `pyre.bin` in PATH
2018-05-12 13:57:50,708 INFO Found: `/usr/local/bin/pyre.bin`
2018-05-12 13:57:50,708 INFO No typeshed specified, looking for it
2018-05-12 13:57:50,708 DEBUG Trying with: `/usr/local/lib/python3.6/dist-packages/pyre_check/pyre_check/typeshed/stdlib/`
2018-05-12 13:57:50,708 DEBUG Trying with: `/usr/local/lib/python3.6/dist-packages/pyre_check/typeshed/stdlib/`
2018-05-12 13:57:50,708 DEBUG Trying with: `/usr/local/lib/python3.6/pyre_check/typeshed/stdlib/`
2018-05-12 13:57:50,708 DEBUG Trying with: `/usr/local/lib/pyre_check/typeshed/stdlib/`
2018-05-12 13:57:50,708 INFO Found: `/usr/local/lib/pyre_check/typeshed/stdlib/`
2018-05-12 13:57:50,709 WARNING Setting up a .pyre_configuration file may reduce overhead.

2018-05-12 13:57:50,709 DEBUG Running `/usr/local/bin/pyre.bin check -project-root /home/heider/Github/Neodroid/neo -workers 1 -search-path /usr/local/lib/pyre_check/typeshed/stdlib/ .`
2018-05-12 13:57:50,788 INFO Finding type stubs in `/home/heider/Github/Neodroid/neo`...
2018-05-12 13:57:50,790 INFO Finding type stubs in `/usr/local/lib/pyre_check/typeshed/stdlib`...
2018-05-12 13:57:50,792 INFO Finding external sources in `/usr/local/lib/pyre_check/typeshed/stdlib`...
2018-05-12 13:57:50,895 INFO Parsing 346 stubs and external sources...
2018-05-12 13:57:51,129 INFO Parsing 228 sources in `/home/heider/Github/Neodroid/neo`...
2018-05-12 13:57:51,216 INFO Unable to parse 1 paths
2018-05-12 13:57:51,317 INFO Building type environment...
2018-05-12 13:57:51,552 INFO Adding environment information to shared memory...
2018-05-12 13:57:51,696 INFO Inferring protocol implementations...
2018-05-12 13:57:51,796 INFO Checking...
2018-05-12 13:57:52,125 INFO Processed 227 of 227 sources
2018-05-12 13:57:52,126 SUCCESS No type errors found

